[2025-02-23 00:13:09] INFO: Request received successfully: https://hips.hearstapps.com/hmg-prod/images/tv-wall-ideas-media-wall-bild-c-tv-loewe-66c51a2e81fd3.png?crop=1xw:1xh;center,top&resize=980:*, a happy cat, ['string'], [20.0, 20.0, 70.0, 70.0], 2 | Timestamp: 2025-02-23 00:13:09
[2025-02-23 00:22:53] INFO: Request received successfully: https://hips.hearstapps.com/hmg-prod/images/tv-wall-ideas-media-wall-bild-c-tv-loewe-66c51a2e81fd3.png?crop=1xw:1xh;center,top&resize=980:*, a happy cat, ['mosaic'], [10.0, 10.0, 40.0, 40.0], 1 | Timestamp: 2025-02-23 00:22:53
[2025-02-23 00:30:09] INFO: Request received successfully: https://hips.hearstapps.com/hmg-prod/images/tv-wall-ideas-media-wall-bild-c-tv-loewe-66c51a2e81fd3.png?crop=1xw:1xh;center,top&resize=980:*, a happy cat, ['mosaic'], [10.0, 10.0, 40.0, 40.0], 1 | Timestamp: 2025-02-23 00:30:09
[2025-02-23 00:32:54] INFO: Request received successfully: https://hips.hearstapps.com/hmg-prod/images/tv-wall-ideas-media-wall-bild-c-tv-loewe-66c51a2e81fd3.png?crop=1xw:1xh;center,top&resize=980:*, a happy cat, ['mosaic'], [10.0, 10.0, 40.0, 40.0], 1 | Timestamp: 2025-02-23 00:32:54
[2025-02-23 00:36:48] INFO: Request received successfully: https://hips.hearstapps.com/hmg-prod/images/tv-wall-ideas-media-wall-bild-c-tv-loewe-66c51a2e81fd3.png?crop=1xw:1xh;center,top&resize=980:*, a happy cat, ['mosaic'], [10.0, 10.0, 40.0, 40.0], 1 | Timestamp: 2025-02-23 00:36:48
[2025-02-23 00:49:10] INFO: Request received successfully: https://hips.hearstapps.com/hmg-prod/images/tv-wall-ideas-media-wall-bild-c-tv-loewe-66c51a2e81fd3.png?crop=1xw:1xh;center,top&resize=980:*, a happy cat, ['mosaic'], [10.0, 10.0, 40.0, 40.0], 1 | Timestamp: 2025-02-23 00:49:10
[2025-02-23 00:53:48] INFO: Request received successfully: https://hips.hearstapps.com/hmg-prod/images/tv-wall-ideas-media-wall-bild-c-tv-loewe-66c51a2e81fd3.png?crop=1xw:1xh;center,top&resize=980:*, a happy cat, ['mosaic'], [10.0, 10.0, 40.0, 40.0], 1 | Timestamp: 2025-02-23 00:53:48
[2025-02-23 00:58:24] INFO: Request received successfully: https://hips.hearstapps.com/hmg-prod/images/tv-wall-ideas-media-wall-bild-c-tv-loewe-66c51a2e81fd3.png?crop=1xw:1xh;center,top&resize=980:*, a happy cat, ['mosaic'], [0.1, 0.1, 0.4, 0.4], 1 | Timestamp: 2025-02-23 00:58:24
[2025-02-23 01:05:43] INFO: Request received successfully: https://hips.hearstapps.com/hmg-prod/images/tv-wall-ideas-media-wall-bild-c-tv-loewe-66c51a2e81fd3.png?crop=1xw:1xh;center,top&resize=980:*, a happy cat, ['mosaic'], [0.1, 0.1, 0.4, 0.4], 1 | Timestamp: 2025-02-23 01:05:43
[2025-02-23 01:06:58] INFO: Request received successfully: https://hips.hearstapps.com/hmg-prod/images/tv-wall-ideas-media-wall-bild-c-tv-loewe-66c51a2e81fd3.png?crop=1xw:1xh;center,top&resize=980:*, a happy cat, ['mosaic'], [0.2, 0.2, 0.7, 0.7], 1 | Timestamp: 2025-02-23 01:06:58
[2025-02-23 01:07:47] INFO: Request received successfully: https://hips.hearstapps.com/hmg-prod/images/tv-wall-ideas-media-wall-bild-c-tv-loewe-66c51a2e81fd3.png?crop=1xw:1xh;center,top&resize=980:*, a happy cat, ['mosaic'], [0.2, 0.2, 0.7, 0.7], 1 | Timestamp: 2025-02-23 01:07:47
INFO: Request received successfully: image_url=https://hips.hearstapps.com/hmg-prod/images/tv-wall-ideas-media-wall-bild-c-tv-loewe-66c51a2e81fd3.png?crop=1xw:1xh;center,top&resize=980:*, prompt=a happy cat, tags=['mosaic'], box=[0.2, 0.2, 0.7, 0.7], n=1 | Timestamp: {get_current_time()}
INFO: Wall image received and was fetched successfully. | Timestamp: {get_current_time()}
INFO: Box was defined successfully. | Timestamp: {get_current_time()}
INFO: Generator parameters were set successfully: gen_model=dall-e-2, prompt=a happy cat, mosaic, size=1024x1024, quality=standard, n=1 | Timestamp: {get_current_time()}
INFO: Request received successfully: image_url=https://hips.hearstapps.com/hmg-prod/images/tv-wall-ideas-media-wall-bild-c-tv-loewe-66c51a2e81fd3.png?crop=1xw:1xh;center,top&resize=980:*, prompt=a happy cat, tags=['mosaic'], box=[0.2, 0.2, 0.7, 0.7], n=1 | Timestamp: [2025-02-23 02:09:09]
INFO: Wall image received and was fetched successfully. | Timestamp: [2025-02-23 02:09:10]
INFO: Box was defined successfully. | Timestamp: [2025-02-23 02:09:10]
INFO: Generator parameters were set successfully: gen_model=dall-e-2, prompt=a happy cat, mosaic, size=1024x1024, quality=standard, n=1 | Timestamp: [2025-02-23 02:09:10]
DEBUG: Receiving request... | Timestamp: [2025-02-23 02:17:10,003]
INFO: Request received successfully: image_url=https://hips.hearstapps.com/hmg-prod/images/tv-wall-ideas-media-wall-bild-c-tv-loewe-66c51a2e81fd3.png?crop=1xw:1xh;center,top&resize=980:*, prompt=a happy cat, tags=['mosaic'], box=[0.2, 0.2, 0.7, 0.7], n=1 | Timestamp: [2025-02-23 02:17:10,003]
DEBUG: Processing data... | Timestamp: [2025-02-23 02:17:10,003]
INFO: Wall image received and was fetched successfully. | Timestamp: [2025-02-23 02:17:10,671]
INFO: Box was defined successfully. | Timestamp: [2025-02-23 02:17:10,671]
INFO: Generator parameters were set successfully: gen_model=dall-e-2, prompt=a happy cat, mosaic, size=1024x1024, quality=standard, n=1 | Timestamp: [2025-02-23 02:17:10,671]
DEBUG: Segmenting the wall image... | Timestamp: [2025-02-23 02:17:10,671]
